<?xml version="1.0" encoding="UTF-8"?>
<testng-results ignored="0" total="3" passed="3" failed="0" skipped="0">
  <reporter-output>
  </reporter-output>
  <suite started-at="2026-01-15T23:31:08 IST" name="Suite" finished-at="2026-01-15T23:31:19 IST" duration-ms="10646">
    <groups>
    </groups>
    <test started-at="2026-01-15T23:31:08 IST" name="Test" finished-at="2026-01-15T23:31:19 IST" duration-ms="10646">
      <class name="Demopra">
        <test-method is-config="true" signature="launchBrowser()[pri:0, instance:Demopra@6025e1b6]" started-at="2026-01-15T23:31:08 IST" name="launchBrowser" finished-at="2026-01-15T23:31:16 IST" duration-ms="8221" status="PASS">
          <reporter-output>
          </reporter-output>
        </test-method> <!-- launchBrowser -->
        <test-method signature="formdetails()[pri:0, instance:Demopra@6025e1b6]" started-at="2026-01-15T23:31:16 IST" name="formdetails" finished-at="2026-01-15T23:31:18 IST" duration-ms="1897" status="PASS">
          <reporter-output>
          </reporter-output>
        </test-method> <!-- formdetails -->
        <test-method signature="verification()[pri:0, instance:Demopra@6025e1b6]" started-at="2026-01-15T23:31:18 IST" name="verification" finished-at="2026-01-15T23:31:18 IST" depends-on-methods="Demopra.formdetails" duration-ms="195" status="PASS">
          <reporter-output>
          </reporter-output>
        </test-method> <!-- verification -->
        <test-method signature="quitbrowswer()[pri:0, instance:Demopra@6025e1b6]" started-at="2026-01-15T23:31:18 IST" name="quitbrowswer" finished-at="2026-01-15T23:31:19 IST" depends-on-methods="Demopra.verification" duration-ms="255" status="PASS">
          <reporter-output>
          </reporter-output>
        </test-method> <!-- quitbrowswer -->
      </class> <!-- Demopra -->
    </test> <!-- Test -->
  </suite> <!-- Suite -->
</testng-results>
