<?xml version="1.0" encoding="UTF-8"?>
<testng-results ignored="0" total="3" passed="3" failed="0" skipped="0">
  <reporter-output>
  </reporter-output>
  <suite started-at="2026-01-19T10:43:22 IST" name="Default suite" finished-at="2026-01-19T10:43:35 IST" duration-ms="12911">
    <groups>
    </groups>
    <test started-at="2026-01-19T10:43:22 IST" name="Default test" finished-at="2026-01-19T10:43:35 IST" duration-ms="12911">
      <class name="Demopra">
        <test-method is-config="true" signature="launchBrowser()[pri:0, instance:Demopra@77c2494c]" started-at="2026-01-19T10:43:23 IST" name="launchBrowser" finished-at="2026-01-19T10:43:32 IST" duration-ms="9318" status="PASS">
          <reporter-output>
          </reporter-output>
        </test-method> <!-- launchBrowser -->
        <test-method signature="formdetails()[pri:0, instance:Demopra@77c2494c]" started-at="2026-01-19T10:43:32 IST" name="formdetails" finished-at="2026-01-19T10:43:35 IST" duration-ms="2795" status="PASS">
          <reporter-output>
          </reporter-output>
        </test-method> <!-- formdetails -->
        <test-method signature="verification()[pri:0, instance:Demopra@77c2494c]" started-at="2026-01-19T10:43:35 IST" name="verification" finished-at="2026-01-19T10:43:35 IST" depends-on-methods="Demopra.formdetails" duration-ms="288" status="PASS">
          <reporter-output>
          </reporter-output>
        </test-method> <!-- verification -->
        <test-method signature="quitbrowswer()[pri:0, instance:Demopra@77c2494c]" started-at="2026-01-19T10:43:35 IST" name="quitbrowswer" finished-at="2026-01-19T10:43:35 IST" depends-on-methods="Demopra.verification" duration-ms="403" status="PASS">
          <reporter-output>
          </reporter-output>
        </test-method> <!-- quitbrowswer -->
      </class> <!-- Demopra -->
    </test> <!-- Default test -->
  </suite> <!-- Default suite -->
</testng-results>
